<?xml version="1.0" encoding="UTF-8"?>
<testExecutions version="1">
  <file path="C:\Users\aysll\Área de Trabalho\Workspace\Projects\interstate-mobility-center\cmi-usuario\spec\test\unit\UsuarioService\CpfCadastrado.ut.test.ts">
    <testCase name="Teste da UsuarioService - método cpfCadastrado Teste do método cpfCadastrado" duration="4"/>
  </file>
  <file path="C:\Users\aysll\Área de Trabalho\Workspace\Projects\interstate-mobility-center\cmi-usuario\spec\test\unit\UsuarioService\DetalharUsuarioErroDeValidacao.ut.test.ts">
    <testCase name="Teste da UsuarioService - detalharUsuario com erro de validação Teste do método detalharUsuario com erro de validação" duration="16"/>
  </file>
  <file path="C:\Users\aysll\Área de Trabalho\Workspace\Projects\interstate-mobility-center\cmi-usuario\spec\test\unit\UsuarioService\DetalharUsuarioErroRetornoDadosUsuario.ut.test.ts">
    <testCase name="Teste da UsuarioService - detalharUsuario com erro ao buscar o usuário informado Teste do método detalharUsuario com erro ao buscar o usuário informado" duration="9"/>
  </file>
  <file path="C:\Users\aysll\Área de Trabalho\Workspace\Projects\interstate-mobility-center\cmi-usuario\spec\test\unit\UsuarioService\AssinaturaTermoDeUso.ut.test.ts">
    <testCase name="Teste da UsuarioService - assinaturaTermoDeUso Teste do método assinaturaTermoDeUso" duration="8"/>
  </file>
  <file path="C:\Users\aysll\Área de Trabalho\Workspace\Projects\interstate-mobility-center\cmi-usuario\spec\test\unit\UsuarioService\DetalharUsuario.ut.test.ts">
    <testCase name="Teste da UsuarioService - detalharUsuario Teste do método detalharUsuario" duration="13"/>
  </file>
  <file path="C:\Users\aysll\Área de Trabalho\Workspace\Projects\interstate-mobility-center\cmi-usuario\spec\test\unit\UsuarioService\CadastrarUsuario.ut.test.ts">
    <testCase name="Teste da UsuarioService - cadastrarUsuario Teste do método cadastrarUsuario" duration="35"/>
  </file>
  <file path="C:\Users\aysll\Área de Trabalho\Workspace\Projects\interstate-mobility-center\cmi-usuario\spec\test\unit\ServiceValidators\validaDetalharUsuario.ut.test.ts">
    <testCase name="Teste da ServiceValidators - método validaDetalharUsuario Teste do método validaDetalharUsuario" duration="10"/>
  </file>
  <file path="C:\Users\aysll\Área de Trabalho\Workspace\Projects\interstate-mobility-center\cmi-usuario\spec\test\unit\UsuarioService\RetornaDadosUsuario.ut.test.ts">
    <testCase name="Teste da UsuarioService - retornaDadosUsuario Teste do método retornaDadosUsuario" duration="4"/>
  </file>
  <file path="C:\Users\aysll\Área de Trabalho\Workspace\Projects\interstate-mobility-center\cmi-usuario\spec\test\unit\UsuarioService\EmailCadastrado.ut.test.ts">
    <testCase name="Teste da UsuarioService - método emailCadastrado Teste do método emailCadastrado" duration="2"/>
  </file>
  <file path="C:\Users\aysll\Área de Trabalho\Workspace\Projects\interstate-mobility-center\cmi-usuario\spec\test\unit\UsuarioService\CadastrarUsuarioErroDeValidacao.ut.test.ts">
    <testCase name="Teste da UsuarioService - cadastrarUsuario com erro de validação Teste do método cadastrarUsuario com erro de validação" duration="10"/>
  </file>
  <file path="C:\Users\aysll\Área de Trabalho\Workspace\Projects\interstate-mobility-center\cmi-usuario\spec\test\unit\UsuarioService\AssinaturaTermoDeUsoErroRetornoDadosUsuario.ut.test.ts">
    <testCase name="Teste da UsuarioService - assinaturaTermoDeUso com erro ao buscar o usuário mci informado Teste do método assinaturaTermoDeUso com erro ao buscar o usuário informado" duration="2"/>
  </file>
  <file path="C:\Users\aysll\Área de Trabalho\Workspace\Projects\interstate-mobility-center\cmi-usuario\spec\test\unit\UsuarioService\CadastrarUsuarioEmailRepetido.ut.test.ts">
    <testCase name="Teste da UsuarioService - cadastrarUsuario - e-mail já cadastrado Teste do método emailCadastrado" duration="1"/>
  </file>
  <file path="C:\Users\aysll\Área de Trabalho\Workspace\Projects\interstate-mobility-center\cmi-usuario\spec\test\unit\UsuarioService\ExisteRepeticoesProibidas.ut.test.ts">
    <testCase name="Teste da service Passageiro - método cadastrarPassageiro Teste do método existeRepeticoesProibidas" duration="2"/>
  </file>
  <file path="C:\Users\aysll\Área de Trabalho\Workspace\Projects\interstate-mobility-center\cmi-usuario\spec\test\unit\UsuarioService\RetornaDadosUsuarioErroNegocial.ut.test.ts">
    <testCase name="Teste da UsuarioService - retornaDadosUsuarioErroNegocial Teste do método retornaDadosUsuario - Condição de não encontrar ID" duration="5"/>
  </file>
  <file path="C:\Users\aysll\Área de Trabalho\Workspace\Projects\interstate-mobility-center\cmi-usuario\spec\test\unit\ServiceValidators\validaCadastroUsuario.ut.test.ts">
    <testCase name="Teste da ServiceValidators - método validaCadastroUsuario Teste do método validaCadastroUsuario" duration="10"/>
  </file>
  <file path="C:\Users\aysll\Área de Trabalho\Workspace\Projects\interstate-mobility-center\cmi-usuario\spec\test\unit\ServiceValidators\validarCPF.ut.test.ts">
    <testCase name="Teste da ServiceValidator - método validarCPF Teste do método validarCPF" duration="1"/>
  </file>
  <file path="C:\Users\aysll\Área de Trabalho\Workspace\Projects\interstate-mobility-center\cmi-usuario\spec\test\unit\Database\VerificaConexao.ut.test.ts">
    <testCase name="Teste do serviço que retorna o estado da conexão com o bd Teste MOCK do método verificaConexao" duration="1"/>
  </file>
  <file path="C:\Users\aysll\Área de Trabalho\Workspace\Projects\interstate-mobility-center\cmi-usuario\spec\test\unit\TermoDeUsoService\RetornaTermoDeUsoSituacaoVigenteComErroNegocial.ut.test.ts">
    <testCase name="Teste do TermoDeUsoService Teste do método retornaTermoDeUsoSituacaoVigente com erro negocial" duration="4"/>
  </file>
  <file path="C:\Users\aysll\Área de Trabalho\Workspace\Projects\interstate-mobility-center\cmi-usuario\spec\test\unit\Middlewares\VerificaConexaoMongo.ut.test.ts">
    <testCase name="Teste do middleware que tenta a conexão com o mongo Teste MOCK do método verificaConexaoMongoMiddleware" duration="4"/>
  </file>
  <file path="C:\Users\aysll\Área de Trabalho\Workspace\Projects\interstate-mobility-center\cmi-usuario\spec\test\unit\TermoDeUsoService\RetornaTermoDeUsoSituacaoVigente.ut.test.ts">
    <testCase name="Teste do TermoDeUsoService Teste do método retornaTermoDeUsoSituacaoVigente" duration="2"/>
  </file>
  <file path="C:\Users\aysll\Área de Trabalho\Workspace\Projects\interstate-mobility-center\cmi-usuario\spec\test\unit\Database\Conectar.ut.test.ts">
    <testCase name="Teste do serviço que se conecta ao bd Teste MOCK do método conectar" duration="2"/>
  </file>
  <file path="C:\Users\aysll\Área de Trabalho\Workspace\Projects\interstate-mobility-center\cmi-usuario\spec\test\unit\Database\ConectarRetornandoComErro.ut.test.ts">
    <testCase name="Teste do serviço que se conecta ao bd Teste MOCK do método conectar - retornando erro" duration="1"/>
  </file>
</testExecutions>