<?xml version="1.0" encoding="UTF-8"?>
<testExecutions version="1">
  <file path="C:\Users\aysll\Área de Trabalho\Workspace\Projects\interstate-mobility-center\cmi-usuario\spec\test\unit\UsuarioService\CadastrarUsuarioEmailRepetido.ut.test.ts">
    <testCase name="Teste da UsuarioService - cadastrarUsuario - e-mail já cadastrado Teste do método emailCadastrado" duration="5"/>
  </file>
  <file path="C:\Users\aysll\Área de Trabalho\Workspace\Projects\interstate-mobility-center\cmi-usuario\spec\test\unit\UsuarioService\CadastrarUsuarioErroDeValidacao.ut.test.ts">
    <testCase name="Teste da UsuarioService - cadastrarUsuario com erro de validação Teste do método cadastrarUsuario com erro de validação" duration="20"/>
  </file>
  <file path="C:\Users\aysll\Área de Trabalho\Workspace\Projects\interstate-mobility-center\cmi-usuario\spec\test\unit\UsuarioService\CadastrarUsuario.ut.test.ts">
    <testCase name="Teste da UsuarioService - cadastrarUsuario Teste do método cadastrarUsuario" duration="40"/>
  </file>
  <file path="C:\Users\aysll\Área de Trabalho\Workspace\Projects\interstate-mobility-center\cmi-usuario\spec\test\unit\Middlewares\VerificaConexaoMongo.ut.test.ts">
    <testCase name="Teste do middleware que tenta a conexão com o mongo Teste MOCK do método verificaConexaoMongoMiddleware" duration="3"/>
  </file>
  <file path="C:\Users\aysll\Área de Trabalho\Workspace\Projects\interstate-mobility-center\cmi-usuario\spec\test\unit\Database\VerificaConexao.ut.test.ts">
    <testCase name="Teste do serviço que retorna o estado da conexão com o bd Teste MOCK do método verificaConexao" duration="2"/>
  </file>
  <file path="C:\Users\aysll\Área de Trabalho\Workspace\Projects\interstate-mobility-center\cmi-usuario\spec\test\unit\Database\ConectarRetornandoComErro.ut.test.ts">
    <testCase name="Teste do serviço que se conecta ao bd Teste MOCK do método conectar - retornando erro" duration="2"/>
  </file>
  <file path="C:\Users\aysll\Área de Trabalho\Workspace\Projects\interstate-mobility-center\cmi-usuario\spec\test\unit\Database\Conectar.ut.test.ts">
    <testCase name="Teste do serviço que se conecta ao bd Teste MOCK do método conectar" duration="2"/>
  </file>
</testExecutions>